16:16:40 | Log file: /mnt/d/MCD_24-26/PROYECTO_FINAL_PINN/logs/train_20260609_161640.log
16:16:40 | ─── Entrenamiento completo (20,000 epochs, 5 sensores) ───
16:16:40 | PyTorch version: 2.5.1
16:16:40 | torch.compile available: True
16:16:40 | Device: cuda
16:16:40 | GPU: NVIDIA GeForce RTX 3080
16:16:40 | VRAM total: 12.9 GB
16:16:40 | Scenario: 8 | Noise: trivial | Sensors: 5
16:16:40 | Lambdas: {'data': 10.0, 'pde': 1.0, 'bc': 1.0, 'ic': 1.0, 'mass': 5.0}
16:16:40 | LR: 0.001 | Collocation: 20,000 | Epochs: 20000
16:16:40 | Training start: 20000 epochs, 20,000 collocation points, reporting every 500 epochs
16:16:44 | Epoch 1: Grad L_data (8.286e+01) >> Grad L_pde (2.014e-03)
16:16:44 | Esto puede causar que la red ignore la física y apague la fuga (q_leak ~ 0).
16:16:44 | Sugerencia: λ_pde = λ_pde * (grad_data_norm / (grad_pde_norm + 1e-8))
16:16:44 | Epoch     1 | L_total: 1.615e+01 | L_dat: 1.202e+00 | L_fis: 1.718e-04 | L_bc: 1.844e+00 | L_ic: 1.970e+00 | L_mass: 6.154e-02 | x_leak: 5011m | q_leak: 0.02544 | 1630.2 ms/epoch | VRAM: 0.02GB | Elapsed: 0.0 min
16:17:08 | Epoch   500 | L_total: 8.886e-04 | L_dat: 4.715e-05 | L_fis: 7.851e-05 | L_bc: 1.119e-04 | L_ic: 1.861e-04 | L_mass: 8.113e-06 | x_leak: 5635m | q_leak: 0.02338 | 48.9 ms/epoch | VRAM: 0.02GB | Elapsed: 0.4 min
16:17:34 | ─── Balance de loss en epoch 1000 ───
16:17:34 |   L_datos    × λ_data = 2.023e-04
16:17:34 |   L_fisica   × λ_pde  = 7.350e-05
16:17:34 |   L_contorno × λ_bc   = 3.271e-05
16:17:34 |   L_inicial  × λ_ic   = 8.704e-05
16:17:34 |   L_masa     × λ_mass = 6.125e-05
16:17:34 |   → Los 5 valores deberían ser del mismo orden de magnitud
16:17:34 | ────────────────────────────────────
16:17:34 | Epoch  1000 | L_total: 4.568e-04 | L_dat: 2.023e-05 | L_fis: 7.350e-05 | L_bc: 3.271e-05 | L_ic: 8.704e-05 | L_mass: 1.225e-05 | x_leak: 5960m | q_leak: 0.02249 | 51.7 ms/epoch | VRAM: 0.02GB | Elapsed: 0.9 min
16:17:57 | Epoch  1500 | L_total: 3.079e-04 | L_dat: 1.145e-05 | L_fis: 6.800e-05 | L_bc: 1.210e-05 | L_ic: 4.338e-05 | L_mass: 1.398e-05 | x_leak: 5690m | q_leak: 0.02168 | 45.7 ms/epoch | VRAM: 0.02GB | Elapsed: 1.2 min
16:18:21 |   >> x_leak lr decay: 4.9e-03 → 4.9e-04
16:18:21 | Epoch  2000 | L_total: 2.478e-04 | L_dat: 8.994e-06 | L_fis: 6.292e-05 | L_bc: 8.087e-06 | L_ic: 2.507e-05 | L_mass: 1.235e-05 | x_leak: 5620m | q_leak: 0.02092 | 48.4 ms/epoch | VRAM: 0.02GB | Elapsed: 1.7 min
16:18:45 | Epoch  2500 | L_total: 2.362e-04 | L_dat: 8.775e-06 | L_fis: 6.198e-05 | L_bc: 1.259e-05 | L_ic: 2.370e-05 | L_mass: 1.004e-05 | x_leak: 5632m | q_leak: 0.02013 | 47.6 ms/epoch | VRAM: 0.02GB | Elapsed: 2.0 min
16:19:13 | Epoch  3000 | L_total: 3.440e-04 | L_dat: 1.705e-05 | L_fis: 5.457e-05 | L_bc: 3.099e-05 | L_ic: 3.562e-05 | L_mass: 1.047e-05 | x_leak: 5597m | q_leak: 0.01932 | 55.2 ms/epoch | VRAM: 0.02GB | Elapsed: 2.5 min
16:19:35 | Epoch  3500 | L_total: 1.872e-04 | L_dat: 8.500e-06 | L_fis: 4.927e-05 | L_bc: 1.204e-05 | L_ic: 1.968e-05 | L_mass: 4.246e-06 | x_leak: 5573m | q_leak: 0.01845 | 45.8 ms/epoch | VRAM: 0.02GB | Elapsed: 2.9 min
16:19:57 | Epoch  4000 | L_total: 3.284e-04 | L_dat: 1.795e-05 | L_fis: 4.579e-05 | L_bc: 3.418e-05 | L_ic: 4.085e-05 | L_mass: 5.609e-06 | x_leak: 5584m | q_leak: 0.01761 | 43.4 ms/epoch | VRAM: 0.02GB | Elapsed: 3.2 min
16:20:24 | Epoch  4500 | L_total: 1.346e-04 | L_dat: 7.192e-06 | L_fis: 4.311e-05 | L_bc: 3.249e-06 | L_ic: 6.193e-06 | L_mass: 2.020e-06 | x_leak: 5619m | q_leak: 0.01686 | 53.5 ms/epoch | VRAM: 0.02GB | Elapsed: 3.7 min
16:20:48 |   >> x_leak lr decay: 4.3e-04 → 4.3e-05
16:20:48 | Epoch  5000 | L_total: 1.250e-04 | L_dat: 7.193e-06 | L_fis: 3.901e-05 | L_bc: 2.996e-06 | L_ic: 5.027e-06 | L_mass: 1.205e-06 | x_leak: 5642m | q_leak: 0.01618 | 48.3 ms/epoch | VRAM: 0.02GB | Elapsed: 4.1 min
16:21:13 | Epoch  5500 | L_total: 1.162e-04 | L_dat: 7.261e-06 | L_fis: 3.450e-05 | L_bc: 1.990e-06 | L_ic: 3.534e-06 | L_mass: 7.093e-07 | x_leak: 5643m | q_leak: 0.01560 | 50.0 ms/epoch | VRAM: 0.02GB | Elapsed: 4.5 min
16:21:39 | Epoch  6000 | L_total: 1.179e-04 | L_dat: 7.181e-06 | L_fis: 3.375e-05 | L_bc: 3.050e-06 | L_ic: 3.016e-06 | L_mass: 1.255e-06 | x_leak: 5647m | q_leak: 0.01514 | 52.1 ms/epoch | VRAM: 0.02GB | Elapsed: 4.9 min
16:22:03 | Epoch  6500 | L_total: 1.100e-04 | L_dat: 7.128e-06 | L_fis: 3.295e-05 | L_bc: 1.517e-06 | L_ic: 2.597e-06 | L_mass: 3.289e-07 | x_leak: 5650m | q_leak: 0.01471 | 47.0 ms/epoch | VRAM: 0.02GB | Elapsed: 5.3 min
16:22:28 | Epoch  7000 | L_total: 1.167e-04 | L_dat: 7.469e-06 | L_fis: 3.074e-05 | L_bc: 3.866e-06 | L_ic: 4.955e-06 | L_mass: 4.840e-07 | x_leak: 5654m | q_leak: 0.01424 | 50.1 ms/epoch | VRAM: 0.02GB | Elapsed: 5.8 min
16:22:51 | Epoch  7500 | L_total: 1.038e-04 | L_dat: 7.103e-06 | L_fis: 2.900e-05 | L_bc: 1.179e-06 | L_ic: 1.739e-06 | L_mass: 1.745e-07 | x_leak: 5656m | q_leak: 0.01397 | 47.7 ms/epoch | VRAM: 0.02GB | Elapsed: 6.2 min
16:23:18 | Epoch  8000 | L_total: 1.081e-04 | L_dat: 7.162e-06 | L_fis: 2.767e-05 | L_bc: 2.434e-06 | L_ic: 2.815e-06 | L_mass: 7.209e-07 | x_leak: 5659m | q_leak: 0.01381 | 52.2 ms/epoch | VRAM: 0.02GB | Elapsed: 6.6 min
16:23:44 | Epoch  8500 | L_total: 9.932e-05 | L_dat: 6.957e-06 | L_fis: 2.713e-05 | L_bc: 8.875e-07 | L_ic: 1.271e-06 | L_mass: 9.199e-08 | x_leak: 5662m | q_leak: 0.01356 | 52.4 ms/epoch | VRAM: 0.02GB | Elapsed: 7.0 min
16:24:07 | Epoch  9000 | L_total: 9.898e-05 | L_dat: 6.945e-06 | L_fis: 2.638e-05 | L_bc: 1.331e-06 | L_ic: 1.335e-06 | L_mass: 9.793e-08 | x_leak: 5661m | q_leak: 0.01337 | 46.5 ms/epoch | VRAM: 0.02GB | Elapsed: 7.4 min
16:24:33 | Epoch  9500 | L_total: 9.844e-05 | L_dat: 6.943e-06 | L_fis: 2.666e-05 | L_bc: 7.123e-07 | L_ic: 9.245e-07 | L_mass: 1.419e-07 | x_leak: 5663m | q_leak: 0.01326 | 52.7 ms/epoch | VRAM: 0.02GB | Elapsed: 7.9 min
16:24:59 | Epoch 10000 | L_total: 1.206e-04 | L_dat: 8.653e-06 | L_fis: 2.668e-05 | L_bc: 4.382e-06 | L_ic: 2.650e-06 | L_mass: 6.519e-08 | x_leak: 5665m | q_leak: 0.01315 | 50.6 ms/epoch | VRAM: 0.02GB | Elapsed: 8.3 min
16:25:22 | Epoch 10500 | L_total: 9.374e-05 | L_dat: 6.778e-06 | L_fis: 2.401e-05 | L_bc: 8.302e-07 | L_ic: 7.732e-07 | L_mass: 6.812e-08 | x_leak: 5668m | q_leak: 0.01305 | 47.8 ms/epoch | VRAM: 0.02GB | Elapsed: 8.7 min
16:25:49 | Epoch 11000 | L_total: 9.349e-05 | L_dat: 6.758e-06 | L_fis: 2.436e-05 | L_bc: 5.362e-07 | L_ic: 6.876e-07 | L_mass: 6.718e-08 | x_leak: 5671m | q_leak: 0.01295 | 52.5 ms/epoch | VRAM: 0.02GB | Elapsed: 9.1 min
16:26:12 | Epoch 11500 | L_total: 9.275e-05 | L_dat: 6.710e-06 | L_fis: 2.406e-05 | L_bc: 6.480e-07 | L_ic: 6.284e-07 | L_mass: 6.142e-08 | x_leak: 5672m | q_leak: 0.01285 | 47.3 ms/epoch | VRAM: 0.02GB | Elapsed: 9.5 min
16:26:38 | Epoch 12000 | L_total: 9.269e-05 | L_dat: 6.642e-06 | L_fis: 2.500e-05 | L_bc: 3.879e-07 | L_ic: 5.931e-07 | L_mass: 6.021e-08 | x_leak: 5673m | q_leak: 0.01283 | 52.1 ms/epoch | VRAM: 0.02GB | Elapsed: 9.9 min
16:27:02 | Epoch 12500 | L_total: 1.115e-04 | L_dat: 7.460e-06 | L_fis: 2.523e-05 | L_bc: 2.512e-06 | L_ic: 2.573e-06 | L_mass: 1.312e-06 | x_leak: 5675m | q_leak: 0.01280 | 47.3 ms/epoch | VRAM: 0.02GB | Elapsed: 10.3 min
16:27:26 | Epoch 13000 | L_total: 2.435e-04 | L_dat: 1.902e-05 | L_fis: 2.344e-05 | L_bc: 1.115e-05 | L_ic: 1.323e-05 | L_mass: 1.102e-06 | x_leak: 5677m | q_leak: 0.01278 | 48.3 ms/epoch | VRAM: 0.02GB | Elapsed: 10.7 min
16:27:53 | Epoch 13500 | L_total: 9.092e-05 | L_dat: 6.512e-06 | L_fis: 2.442e-05 | L_bc: 5.353e-07 | L_ic: 5.554e-07 | L_mass: 5.801e-08 | x_leak: 5678m | q_leak: 0.01275 | 53.2 ms/epoch | VRAM: 0.02GB | Elapsed: 11.2 min
16:28:18 | Epoch 14000 | L_total: 9.042e-05 | L_dat: 6.425e-06 | L_fis: 2.489e-05 | L_bc: 3.093e-07 | L_ic: 6.854e-07 | L_mass: 5.715e-08 | x_leak: 5679m | q_leak: 0.01272 | 49.8 ms/epoch | VRAM: 0.02GB | Elapsed: 11.6 min
16:28:42 | Epoch 14500 | L_total: 8.827e-05 | L_dat: 6.414e-06 | L_fis: 2.287e-05 | L_bc: 2.733e-07 | L_ic: 7.048e-07 | L_mass: 5.667e-08 | x_leak: 5681m | q_leak: 0.01271 | 47.9 ms/epoch | VRAM: 0.02GB | Elapsed: 12.0 min
16:29:11 | Epoch 15000 | L_total: 8.958e-05 | L_dat: 6.457e-06 | L_fis: 2.370e-05 | L_bc: 4.361e-07 | L_ic: 5.639e-07 | L_mass: 6.293e-08 | x_leak: 5681m | q_leak: 0.01269 | 57.9 ms/epoch | VRAM: 0.02GB | Elapsed: 12.5 min
16:29:34 | Epoch 15500 | L_total: 8.900e-05 | L_dat: 6.390e-06 | L_fis: 2.373e-05 | L_bc: 2.577e-07 | L_ic: 8.225e-07 | L_mass: 5.836e-08 | x_leak: 5683m | q_leak: 0.01268 | 46.9 ms/epoch | VRAM: 0.02GB | Elapsed: 12.9 min
16:29:57 | Epoch 16000 | L_total: 8.886e-05 | L_dat: 6.382e-06 | L_fis: 2.377e-05 | L_bc: 2.327e-07 | L_ic: 7.661e-07 | L_mass: 5.472e-08 | x_leak: 5685m | q_leak: 0.01267 | 46.2 ms/epoch | VRAM: 0.02GB | Elapsed: 13.3 min
16:30:24 | Epoch 16500 | L_total: 8.917e-05 | L_dat: 6.370e-06 | L_fis: 2.424e-05 | L_bc: 2.855e-07 | L_ic: 6.752e-07 | L_mass: 5.412e-08 | x_leak: 5686m | q_leak: 0.01266 | 54.2 ms/epoch | VRAM: 0.02GB | Elapsed: 13.7 min
16:30:48 | Epoch 17000 | L_total: 8.931e-05 | L_dat: 6.380e-06 | L_fis: 2.432e-05 | L_bc: 3.295e-07 | L_ic: 5.864e-07 | L_mass: 5.398e-08 | x_leak: 5688m | q_leak: 0.01265 | 47.3 ms/epoch | VRAM: 0.02GB | Elapsed: 14.1 min
16:31:12 | Epoch 17500 | L_total: 8.779e-05 | L_dat: 6.362e-06 | L_fis: 2.301e-05 | L_bc: 2.470e-07 | L_ic: 6.510e-07 | L_mass: 5.347e-08 | x_leak: 5689m | q_leak: 0.01264 | 48.3 ms/epoch | VRAM: 0.02GB | Elapsed: 14.5 min
16:31:39 | Epoch 18000 | L_total: 8.835e-05 | L_dat: 6.363e-06 | L_fis: 2.352e-05 | L_bc: 2.383e-07 | L_ic: 6.995e-07 | L_mass: 5.311e-08 | x_leak: 5690m | q_leak: 0.01264 | 54.8 ms/epoch | VRAM: 0.02GB | Elapsed: 15.0 min
16:32:09 | Epoch 18500 | L_total: 8.791e-05 | L_dat: 6.362e-06 | L_fis: 2.316e-05 | L_bc: 2.354e-07 | L_ic: 6.218e-07 | L_mass: 5.288e-08 | x_leak: 5691m | q_leak: 0.01263 | 59.1 ms/epoch | VRAM: 0.02GB | Elapsed: 15.4 min
16:32:33 | Epoch 19000 | L_total: 8.790e-05 | L_dat: 6.356e-06 | L_fis: 2.319e-05 | L_bc: 2.294e-07 | L_ic: 6.539e-07 | L_mass: 5.267e-08 | x_leak: 5692m | q_leak: 0.01263 | 47.3 ms/epoch | VRAM: 0.02GB | Elapsed: 15.8 min
16:32:59 | Epoch 19500 | L_total: 8.776e-05 | L_dat: 6.355e-06 | L_fis: 2.308e-05 | L_bc: 2.116e-07 | L_ic: 6.585e-07 | L_mass: 5.246e-08 | x_leak: 5692m | q_leak: 0.01263 | 52.5 ms/epoch | VRAM: 0.02GB | Elapsed: 16.3 min
16:33:24 | Epoch 20000 | L_total: 8.742e-05 | L_dat: 6.357e-06 | L_fis: 2.273e-05 | L_bc: 2.067e-07 | L_ic: 6.478e-07 | L_mass: 5.235e-08 | x_leak: 5693m | q_leak: 0.01263 | 50.1 ms/epoch | VRAM: 0.02GB | Elapsed: 16.7 min
16:33:26 | P_moc shape:  (101, 2401)
16:33:26 | P_pred shape: (101, 2401)
16:33:26 | Diferencia shape: (101, 2401)
16:33:26 | ════════════════════════════════
16:33:26 | RESULTADO CASO BASE
16:33:26 |   x_leak real:  6000 m
16:33:26 |   x_leak pred:  5693 m
16:33:26 |   Error:        0.307 km
16:33:26 |   q_leak real:  0.0150 m³/s
16:33:26 |   q_leak pred:  0.0126 m³/s
16:33:26 |   Error:        15.83 %
16:33:26 | ════════════════════════════════
16:33:26 | Training complete. Model saved to checkpoints/pinn_s8_n5_trivial.pt
16:33:26 | Log saved. Check logs/ directory for full history.
